This file contains any messages produced by compilers while
running configure, to aid debugging if configure makes a mistake.

It was created by GeneTorrentScripts configure 0, which was
generated by GNU Autoconf 2.63.  Invocation command line was

  $ ./configure --prefix=/usr

## --------- ##
## Platform. ##
## --------- ##

hostname = radon.cardinalpeak.com
uname -m = x86_64
uname -r = 2.6.32-71.29.1.el6.x86_64
uname -s = Linux
uname -v = #1 SMP Mon Jun 27 19:49:27 BST 2011

/usr/bin/uname -p = unknown
/bin/uname -X     = unknown

/bin/arch              = x86_64
/usr/bin/arch -k       = unknown
/usr/convex/getsysinfo = unknown
/usr/bin/hostinfo      = unknown
/bin/machine           = unknown
/usr/bin/oslevel       = unknown
/bin/universe          = unknown

PATH: /usr/lib64/qt-3.3/bin
PATH: /usr/local/bin
PATH: /bin
PATH: /usr/bin
PATH: /usr/local/sbin
PATH: /usr/sbin
PATH: /sbin
PATH: /home/dnelson/bin


## ----------- ##
## Core tests. ##
## ----------- ##

configure:1750: checking whether to enable maintainer-specific portions of Makefiles
configure:1759: result: no
configure:1819: checking for a BSD-compatible install
configure:1887: result: /usr/bin/install -c
configure:1898: checking whether build environment is sane
configure:1958: result: yes
configure:2099: checking for a thread-safe mkdir -p
configure:2138: result: /bin/mkdir -p
configure:2151: checking for gawk
configure:2167: found /bin/gawk
configure:2178: result: gawk
configure:2189: checking whether make sets $(MAKE)
configure:2211: result: yes
configure:2443: creating ./config.status

## ---------------------- ##
## Running config.status. ##
## ---------------------- ##

This file was extended by GeneTorrentScripts config.status 0, which was
generated by GNU Autoconf 2.63.  Invocation command line was

  CONFIG_FILES    = 
  CONFIG_HEADERS  = 
  CONFIG_LINKS    = 
  CONFIG_COMMANDS = 
  $ ./config.status 

on radon.cardinalpeak.com

config.status:663: creating Makefile

## ---------------- ##
## Cache variables. ##
## ---------------- ##

ac_cv_env_build_alias_set=
ac_cv_env_build_alias_value=
ac_cv_env_host_alias_set=
ac_cv_env_host_alias_value=
ac_cv_env_target_alias_set=
ac_cv_env_target_alias_value=
ac_cv_path_install='/usr/bin/install -c'
ac_cv_path_mkdir=/bin/mkdir
ac_cv_prog_AWK=gawk
ac_cv_prog_make_make_set=yes

## ----------------- ##
## Output variables. ##
## ----------------- ##

ACLOCAL='${SHELL} /home/dnelson/src/GT11/init.d/missing --run aclocal-1.11'
AMTAR='${SHELL} /home/dnelson/src/GT11/init.d/missing --run tar'
AUTOCONF='${SHELL} /home/dnelson/src/GT11/init.d/missing --run autoconf'
AUTOHEADER='${SHELL} /home/dnelson/src/GT11/init.d/missing --run autoheader'
AUTOMAKE='${SHELL} /home/dnelson/src/GT11/init.d/missing --run automake-1.11'
AWK='gawk'
CYGPATH_W='echo'
DEFS='-DPACKAGE_NAME=\"GeneTorrentScripts\" -DPACKAGE_TARNAME=\"genetorrentscripts\" -DPACKAGE_VERSION=\"0\" -DPACKAGE_STRING=\"GeneTorrentScripts\ 0\" -DPACKAGE_BUGREPORT=\"\" -DPACKAGE=\"genetorrentscripts\" -DVERSION=\"0\"'
ECHO_C=''
ECHO_N='-n'
ECHO_T=''
INSTALL_DATA='${INSTALL} -m 644'
INSTALL_PROGRAM='${INSTALL}'
INSTALL_SCRIPT='${INSTALL}'
INSTALL_STRIP_PROGRAM='$(install_sh) -c -s'
LIBOBJS=''
LIBS=''
LTLIBOBJS=''
MAINT='#'
MAINTAINER_MODE_FALSE=''
MAINTAINER_MODE_TRUE='#'
MAKEINFO='${SHELL} /home/dnelson/src/GT11/init.d/missing --run makeinfo'
MKDIR_P='/bin/mkdir -p'
PACKAGE='genetorrentscripts'
PACKAGE_BUGREPORT=''
PACKAGE_NAME='GeneTorrentScripts'
PACKAGE_STRING='GeneTorrentScripts 0'
PACKAGE_TARNAME='genetorrentscripts'
PACKAGE_VERSION='0'
PATH_SEPARATOR=':'
SET_MAKE=''
SHELL='/bin/sh'
STRIP=''
VERSION='0'
am__isrc=''
am__leading_dot='.'
am__tar='${AMTAR} chof - "$$tardir"'
am__untar='${AMTAR} xf -'
bindir='${exec_prefix}/bin'
build_alias=''
datadir='${datarootdir}'
datarootdir='${prefix}/share'
docdir='${datarootdir}/doc/${PACKAGE_TARNAME}'
dvidir='${docdir}'
exec_prefix='${prefix}'
host_alias=''
htmldir='${docdir}'
includedir='${prefix}/include'
infodir='${datarootdir}/info'
install_sh='${SHELL} /home/dnelson/src/GT11/init.d/install-sh'
libdir='${exec_prefix}/lib'
libexecdir='${exec_prefix}/libexec'
localedir='${datarootdir}/locale'
localstatedir='${prefix}/var'
mandir='${datarootdir}/man'
mkdir_p='/bin/mkdir -p'
oldincludedir='/usr/include'
pdfdir='${docdir}'
prefix='/usr'
program_transform_name='s,x,x,'
psdir='${docdir}'
sbindir='${exec_prefix}/sbin'
sharedstatedir='${prefix}/com'
sysconfdir='${prefix}/etc'
target_alias=''

## ----------- ##
## confdefs.h. ##
## ----------- ##

#define PACKAGE_NAME "GeneTorrentScripts"
#define PACKAGE_TARNAME "genetorrentscripts"
#define PACKAGE_VERSION "0"
#define PACKAGE_STRING "GeneTorrentScripts 0"
#define PACKAGE_BUGREPORT ""
#define PACKAGE "genetorrentscripts"
#define VERSION "0"

configure: exit 0
